<?xml version="1.0" encoding="UTF-8"?>
<testng-results ignored="0" total="1" passed="1" failed="0" skipped="0">
  <reporter-output>
  </reporter-output>
  <suite started-at="2025-09-26T09:57:45 IST" name="Default suite" finished-at="2025-09-26T09:57:52 IST" duration-ms="6848">
    <groups>
    </groups>
    <test started-at="2025-09-26T09:57:45 IST" name="Default test" finished-at="2025-09-26T09:57:52 IST" duration-ms="6848">
      <class name="com.tests.LoginAPITest">
        <test-method signature="LoginAPITest()[pri:0, instance:com.tests.LoginAPITest@5bf0d49]" started-at="2025-09-26T09:57:45 IST" name="LoginAPITest" finished-at="2025-09-26T09:57:52 IST" duration-ms="6762" status="PASS">
          <reporter-output>
          </reporter-output>
        </test-method> <!-- LoginAPITest -->
      </class> <!-- com.tests.LoginAPITest -->
    </test> <!-- Default test -->
  </suite> <!-- Default suite -->
</testng-results>
